<?xml version="1.0" encoding="UTF-8"?>
<!-- Generated by org.testng.reporters.JUnitReportReporter -->
<testsuite hostname="DESKTOP-0MGR9KI" failures="0" tests="7" name="com.nexsoft.testng.dashboard.CRUDBuilderTest" time="23.959" errors="0" timestamp="2022-06-14T18:39:17 ICT" skipped="2">
  <testcase classname="com.nexsoft.testng.dashboard.CRUDBuilderTest" name="login" time="3.062"/>
  <system-out/>
  <testcase classname="com.nexsoft.testng.dashboard.CRUDBuilderTest" name="createData" time="4.922"/>
  <system-out>
    <![CDATA[<img src='file://D:\TestScreenshoot\20220614_183859.png'/>
<img src='file://D:\TestScreenshoot\20220614_183900.png'/>]]>
  </system-out>
  <testcase classname="com.nexsoft.testng.dashboard.CRUDBuilderTest" name="cobaDulu" time="4.009"/>
  <system-out/>
  <testcase classname="com.nexsoft.testng.dashboard.CRUDBuilderTest" name="cobaDulu" time="5.706"/>
  <system-out/>
  <testcase classname="com.nexsoft.testng.dashboard.CRUDBuilderTest" name="cobaDulu" time="6.260"/>
  <system-out/>
  <testcase classname="com.nexsoft.testng.dashboard.CRUDBuilderTest" name="getUsername2">
    <skipped/>
  </testcase> <!-- getUsername2 -->
  <system-out/>
  <testcase classname="com.nexsoft.testng.dashboard.CRUDBuilderTest" name="getUsername">
    <skipped/>
  </testcase> <!-- getUsername -->
  <system-out/>
</testsuite> <!-- com.nexsoft.testng.dashboard.CRUDBuilderTest -->
