<?xml version="1.0" encoding="UTF-8"?>
<!-- Generated by org.testng.reporters.JUnitReportReporter -->
<testsuite hostname="DESKTOP-0MGR9KI" failures="0" tests="1" name="com.nexsoft.testng.CreateRecordWithExcel" time="1.978" errors="0" timestamp="2022-06-14T09:49:29 ICT" skipped="0">
  <testcase classname="com.nexsoft.testng.CreateRecordWithExcel" name="login" time="1.978"/>
  <system-out/>
</testsuite> <!-- com.nexsoft.testng.CreateRecordWithExcel -->
