<?xml version="1.0" encoding="UTF-8"?>
<!-- Generated by org.testng.reporters.JUnitReportReporter -->
<testsuite hostname="DESKTOP-0MGR9KI" failures="0" tests="4" name="com.nexsoft.testng.frontpage.FrontpageTest" time="2.574" errors="0" timestamp="2022-06-14T15:31:45 ICT" skipped="0">
  <testcase classname="com.nexsoft.testng.frontpage.FrontpageTest" name="setLanguage" time="0.002"/>
  <system-out/>
  <testcase classname="com.nexsoft.testng.frontpage.FrontpageTest" name="consumeData" time="0.011"/>
  <system-out/>
  <testcase classname="com.nexsoft.testng.frontpage.FrontpageTest" name="login" time="2.560"/>
  <system-out>
    <![CDATA[<img src='file://D:\TestScreenshoot\20220614_153131.png'height="400" width="904"/>]]>
  </system-out>
  <testcase classname="com.nexsoft.testng.frontpage.FrontpageTest" name="consumeData" time="0.001"/>
  <system-out/>
</testsuite> <!-- com.nexsoft.testng.frontpage.FrontpageTest -->
